<?xml version="1.0" encoding="UTF-8"?>
<!-- Generated by org.testng.reporters.JUnitReportReporter -->
<testsuite skipped="0" hostname="Dusko-PC" name="com.alea.tests.Log_In_Test" tests="9" failures="0" timestamp="30 Nov 2022 11:46:04 GMT" time="102.721" errors="0">
  <testcase name="verify_validations_test2" time="11.652" classname="com.alea.tests.Log_In_Test"/>
  <testcase name="verify_validations_test4" time="8.261" classname="com.alea.tests.Log_In_Test"/>
  <testcase name="log_in_test" time="9.875" classname="com.alea.tests.Log_In_Test"/>
  <testcase name="verify_validations_test1" time="10.500" classname="com.alea.tests.Log_In_Test"/>
  <testcase name="remember_me_test" time="20.171" classname="com.alea.tests.Log_In_Test"/>
  <testcase name="dont_remember_me_test" time="17.599" classname="com.alea.tests.Log_In_Test"/>
  <testcase name="verify_validations_test5" time="7.939" classname="com.alea.tests.Log_In_Test"/>
  <testcase name="verify_validations_test3" time="8.407" classname="com.alea.tests.Log_In_Test"/>
  <testcase name="verify_validations_test0" time="8.317" classname="com.alea.tests.Log_In_Test"/>
</testsuite> <!-- com.alea.tests.Log_In_Test -->
